The system is: Windows - 10.0.22631 - AMD64
Compiling the C compiler identification source file "CMakeCCompilerId.c" succeeded.
Compiler: C:/Program Files/JetBrains/CLion 2022.3.3/bin/mingw/bin/gcc.exe 
Build flags: 
Id flags:  

The output was:
0


Compilation of the C compiler identification source "CMakeCCompilerId.c" produced "a.exe"

The C compiler identification is GNU, found in "C:/Users/ljupc/Strukturno_2023/24/Datoteki/cmake-build-debug/CMakeFiles/3.24.2/CompilerIdC/a.exe"

Compiling the CXX compiler identification source file "CMakeCXXCompilerId.cpp" succeeded.
Compiler: C:/Program Files/JetBrains/CLion 2022.3.3/bin/mingw/bin/g++.exe 
Build flags: 
Id flags:  

The output was:
0


Compilation of the CXX compiler identification source "CMakeCXXCompilerId.cpp" produced "a.exe"

The CXX compiler identification is GNU, found in "C:/Users/ljupc/Strukturno_2023/24/Datoteki/cmake-build-debug/CMakeFiles/3.24.2/CompilerIdCXX/a.exe"

Determining if the C compiler works passed with the following output:
Change Dir: C:/Users/ljupc/Strukturno_2023/24/Datoteki/cmake-build-debug/CMakeFiles/CMakeTmp

Run Build Command(s):C:/Program Files/JetBrains/CLion 2022.3.3/bin/ninja/win/x64/ninja.exe cmTC_b27ef && [1/2] Building C object CMakeFiles/cmTC_b27ef.dir/testCCompiler.c.obj
[2/2] Linking C executable cmTC_b27ef.exe



Determining if the CXX compiler works passed with the following output:
Change Dir: C:/Users/ljupc/Strukturno_2023/24/Datoteki/cmake-build-debug/CMakeFiles/CMakeTmp

Run Build Command(s):C:/Program Files/JetBrains/CLion 2022.3.3/bin/ninja/win/x64/ninja.exe cmTC_a5686 && [1/2] Building CXX object CMakeFiles/cmTC_a5686.dir/testCXXCompiler.cxx.obj
[2/2] Linking CXX executable cmTC_a5686.exe



